#
# There is insufficient memory for the Java Runtime Environment to continue.
# Native memory allocation (malloc) failed to allocate 684336 bytes. Error detail: Chunk::new
# Possible reasons:
#   The system is out of physical RAM or swap space
#   This process is running with CompressedOops enabled, and the Java Heap may be blocking the growth of the native heap
# Possible solutions:
#   Reduce memory load on the system
#   Increase physical memory or swap space
#   Check if swap backing store is full
#   Decrease Java heap size (-Xmx/-Xms)
#   Decrease number of Java threads
#   Decrease Java thread stack sizes (-Xss)
#   Set larger code cache with -XX:ReservedCodeCacheSize=
#   JVM is running with Unscaled Compressed Oops mode in which the Java heap is
#     placed in the first 4GB address space. The Java Heap base address is the
#     maximum limit for the native heap growth. Please use -XX:HeapBaseMinAddress
#     to set the Java Heap base and to place the Java Heap above 4GB virtual address.
# This output file may be truncated or incomplete.
#
#  Out of Memory Error (arena.cpp:168), pid=17332, tid=17968
#
# JRE version: OpenJDK Runtime Environment Temurin-21.0.7+6 (21.0.7+6) (build 21.0.7+6-LTS)
# Java VM: OpenJDK 64-Bit Server VM Temurin-21.0.7+6 (21.0.7+6-LTS, mixed mode, sharing, tiered, compressed oops, compressed class ptrs, g1 gc, windows-amd64)
# No core dump will be written. Minidumps are not enabled by default on client versions of Windows
#

---------------  S U M M A R Y ------------

Command Line: -Xmx64m -Xms64m -Dorg.gradle.appname=gradlew org.gradle.wrapper.GradleWrapperMain assembleRelease --info

Host: Intel(R) Core(TM) i5-8265U CPU @ 1.60GHz, 8 cores, 7G,  Windows 11 , 64 bit Build 26100 (10.0.26100.4484)
Time: Sat Jul 19 09:45:07 2025 E. Africa Standard Time elapsed time: 216.954276 seconds (0d 0h 3m 36s)

---------------  T H R E A D  ---------------

Current thread (0x0000016a17dc6240):  JavaThread "C2 CompilerThread0" daemon [_thread_in_native, id=17968, stack(0x0000000b59d00000,0x0000000b59e00000) (1024K)]


Current CompileTask:
C2:216954 2369       4       org.gradle.internal.logging.console.WorkInProgressRenderer::renderNow (351 bytes)

Stack: [0x0000000b59d00000,0x0000000b59e00000]
Native frames: (J=compiled Java code, j=interpreted, Vv=VM code, C=native code)
V  [jvm.dll+0x6ce119]
V  [jvm.dll+0x8a84a1]
V  [jvm.dll+0x8aa9ce]
V  [jvm.dll+0x8ab0b3]
V  [jvm.dll+0x27f8a6]
V  [jvm.dll+0xc507d]
V  [jvm.dll+0xc55b3]
V  [jvm.dll+0x2f2c6d]
V  [jvm.dll+0x5f6bca]
V  [jvm.dll+0x250cb2]
V  [jvm.dll+0x249626]
V  [jvm.dll+0x246fc4]
V  [jvm.dll+0x1c760e]
V  [jvm.dll+0x25695a]
V  [jvm.dll+0x254efa]
V  [jvm.dll+0x3f03f6]
V  [jvm.dll+0x851f6b]
V  [jvm.dll+0x6cc7dd]
C  [ucrtbase.dll+0x37b0]
C  [KERNEL32.DLL+0x2e8d7]
C  [ntdll.dll+0x3c34c]


---------------  P R O C E S S  ---------------

Threads class SMR info:
_java_thread_list=0x0000016a5e28c600, length=12, elements={
0x0000016a7b4a02a0, 0x0000016a17dbd5e0, 0x0000016a17dbe230, 0x0000016a17dc41b0,
0x0000016a17dc70e0, 0x0000016a17dc4d30, 0x0000016a17dc5390, 0x0000016a17dc6240,
0x0000016a17dd9460, 0x0000016a5d08f500, 0x0000016a5d096160, 0x0000016a5dce3150
}

Java Threads: ( => current thread )
  0x0000016a7b4a02a0 JavaThread "main"                              [_thread_in_native, id=11788, stack(0x0000000b58f00000,0x0000000b59000000) (1024K)]
  0x0000016a17dbd5e0 JavaThread "Reference Handler"          daemon [_thread_blocked, id=15888, stack(0x0000000b59700000,0x0000000b59800000) (1024K)]
  0x0000016a17dbe230 JavaThread "Finalizer"                  daemon [_thread_blocked, id=1052, stack(0x0000000b59800000,0x0000000b59900000) (1024K)]
  0x0000016a17dc41b0 JavaThread "Signal Dispatcher"          daemon [_thread_blocked, id=14660, stack(0x0000000b59900000,0x0000000b59a00000) (1024K)]
  0x0000016a17dc70e0 JavaThread "Attach Listener"            daemon [_thread_blocked, id=13060, stack(0x0000000b59a00000,0x0000000b59b00000) (1024K)]
  0x0000016a17dc4d30 JavaThread "Service Thread"             daemon [_thread_blocked, id=18296, stack(0x0000000b59b00000,0x0000000b59c00000) (1024K)]
  0x0000016a17dc5390 JavaThread "Monitor Deflation Thread"   daemon [_thread_blocked, id=10160, stack(0x0000000b59c00000,0x0000000b59d00000) (1024K)]
=>0x0000016a17dc6240 JavaThread "C2 CompilerThread0"         daemon [_thread_in_native, id=17968, stack(0x0000000b59d00000,0x0000000b59e00000) (1024K)]
  0x0000016a17dd9460 JavaThread "C1 CompilerThread0"         daemon [_thread_blocked, id=16828, stack(0x0000000b59e00000,0x0000000b59f00000) (1024K)]
  0x0000016a5d08f500 JavaThread "Notification Thread"        daemon [_thread_blocked, id=9028, stack(0x0000000b59f00000,0x0000000b5a000000) (1024K)]
  0x0000016a5d096160 JavaThread "Common-Cleaner"             daemon [_thread_blocked, id=6464, stack(0x0000000b5a000000,0x0000000b5a100000) (1024K)]
  0x0000016a5dce3150 JavaThread "pool-1-thread-1"                   [_thread_blocked, id=11804, stack(0x0000000b5a100000,0x0000000b5a200000) (1024K)]
Total: 12

Other Threads:
  0x0000016a7bac16c0 VMThread "VM Thread"                           [id=9192, stack(0x0000000b59600000,0x0000000b59700000) (1024K)]
  0x0000016a7bab1110 WatcherThread "VM Periodic Task Thread"        [id=18232, stack(0x0000000b59500000,0x0000000b59600000) (1024K)]
  0x0000016a7ba25480 WorkerThread "GC Thread#0"                     [id=17992, stack(0x0000000b59000000,0x0000000b59100000) (1024K)]
  0x0000016a5d952fc0 WorkerThread "GC Thread#1"                     [id=6256, stack(0x0000000b5a300000,0x0000000b5a400000) (1024K)]
  0x0000016a5d4b0810 WorkerThread "GC Thread#2"                     [id=2164, stack(0x0000000b5a400000,0x0000000b5a500000) (1024K)]
  0x0000016a5d91fff0 WorkerThread "GC Thread#3"                     [id=18044, stack(0x0000000b5a500000,0x0000000b5a600000) (1024K)]
  0x0000016a5e017580 WorkerThread "GC Thread#4"                     [id=14460, stack(0x0000000b5a600000,0x0000000b5a700000) (1024K)]
  0x0000016a5d9033f0 WorkerThread "GC Thread#5"                     [id=9932, stack(0x0000000b5a700000,0x0000000b5a800000) (1024K)]
  0x0000016a5e32b9b0 WorkerThread "GC Thread#6"                     [id=13168, stack(0x0000000b5a800000,0x0000000b5a900000) (1024K)]
  0x0000016a5e32c150 WorkerThread "GC Thread#7"                     [id=6120, stack(0x0000000b5a900000,0x0000000b5aa00000) (1024K)]
  0x0000016a7ba26c60 ConcurrentGCThread "G1 Main Marker"            [id=10644, stack(0x0000000b59100000,0x0000000b59200000) (1024K)]
  0x0000016a7ba28df0 WorkerThread "G1 Conc#0"                       [id=9744, stack(0x0000000b59200000,0x0000000b59300000) (1024K)]
  0x0000016a7ba9a730 ConcurrentGCThread "G1 Refine#0"               [id=6920, stack(0x0000000b59300000,0x0000000b59400000) (1024K)]
  0x0000016a7ba9b2a0 ConcurrentGCThread "G1 Service"                [id=20848, stack(0x0000000b59400000,0x0000000b59500000) (1024K)]
Total: 14

Threads with active compile tasks:
C2 CompilerThread0  216997 2369       4       org.gradle.internal.logging.console.WorkInProgressRenderer::renderNow (351 bytes)
Total: 1

VM state: not at safepoint (normal execution)

VM Mutex/Monitor currently owned by a thread: None

Heap address: 0x00000000fc000000, size: 64 MB, Compressed Oops mode: 32-bit

CDS archive(s) mapped at: [0x0000016a18000000-0x0000016a18c80000-0x0000016a18c80000), size 13107200, SharedBaseAddress: 0x0000016a18000000, ArchiveRelocationMode: 1.
Compressed class space mapped at: 0x0000016a19000000-0x0000016a59000000, reserved size: 1073741824
Narrow klass base: 0x0000016a18000000, Narrow klass shift: 0, Narrow klass range: 0x100000000

GC Precious Log:
 CardTable entry size: 512
 Card Set container configuration: InlinePtr #cards 5 size 8 Array Of Cards #cards 12 size 40 Howl #buckets 4 coarsen threshold 1843 Howl Bitmap #cards 512 size 80 coarsen threshold 460 Card regions per heap region 1 cards per card region 2048
 CPUs: 8 total, 8 available
 Memory: 7591M
 Large Page Support: Disabled
 NUMA Support: Disabled
 Compressed Oops: Enabled (32-bit)
 Heap Region Size: 1M
 Heap Min Capacity: 64M
 Heap Initial Capacity: 64M
 Heap Max Capacity: 64M
 Pre-touch: Disabled
 Parallel Workers: 8
 Concurrent Workers: 2
 Concurrent Refinement Workers: 8
 Periodic GC: Disabled

Heap:
 garbage-first heap   total 65536K, used 16400K [0x00000000fc000000, 0x0000000100000000)
  region size 1024K, 6 young (6144K), 1 survivors (1024K)
 Metaspace       used 10564K, committed 10880K, reserved 1114112K
  class space    used 1341K, committed 1536K, reserved 1048576K

Heap Regions: E=young(eden), S=young(survivor), O=old, HS=humongous(starts), HC=humongous(continues), CS=collection set, F=free, TAMS=top-at-mark-start, PB=parsable bottom
|   0|0x00000000fc000000, 0x00000000fc100000, 0x00000000fc100000|100%|HS|  |TAMS 0x00000000fc000000| PB 0x00000000fc000000| Complete 
|   1|0x00000000fc100000, 0x00000000fc200000, 0x00000000fc200000|100%|HC|  |TAMS 0x00000000fc100000| PB 0x00000000fc100000| Complete 
|   2|0x00000000fc200000, 0x00000000fc300000, 0x00000000fc300000|100%|HC|  |TAMS 0x00000000fc200000| PB 0x00000000fc200000| Complete 
|   3|0x00000000fc300000, 0x00000000fc400000, 0x00000000fc400000|100%| O|  |TAMS 0x00000000fc300000| PB 0x00000000fc300000| Untracked 
|   4|0x00000000fc400000, 0x00000000fc500000, 0x00000000fc500000|100%| O|  |TAMS 0x00000000fc400000| PB 0x00000000fc400000| Untracked 
|   5|0x00000000fc500000, 0x00000000fc600000, 0x00000000fc600000|100%| O|  |TAMS 0x00000000fc500000| PB 0x00000000fc500000| Untracked 
|   6|0x00000000fc600000, 0x00000000fc700000, 0x00000000fc700000|100%| O|  |TAMS 0x00000000fc600000| PB 0x00000000fc600000| Untracked 
|   7|0x00000000fc700000, 0x00000000fc800000, 0x00000000fc800000|100%| O|  |TAMS 0x00000000fc700000| PB 0x00000000fc700000| Untracked 
|   8|0x00000000fc800000, 0x00000000fc900000, 0x00000000fc900000|100%| O|  |TAMS 0x00000000fc800000| PB 0x00000000fc800000| Untracked 
|   9|0x00000000fc900000, 0x00000000fca00000, 0x00000000fca00000|100%| O|  |TAMS 0x00000000fc900000| PB 0x00000000fc900000| Untracked 
|  10|0x00000000fca00000, 0x00000000fcb00000, 0x00000000fcb00000|100%| O|  |TAMS 0x00000000fca00000| PB 0x00000000fca00000| Untracked 
|  11|0x00000000fcb00000, 0x00000000fcb7fec0, 0x00000000fcc00000| 49%| O|  |TAMS 0x00000000fcb00000| PB 0x00000000fcb00000| Untracked 
|  12|0x00000000fcc00000, 0x00000000fcc00000, 0x00000000fcd00000|  0%| F|  |TAMS 0x00000000fcc00000| PB 0x00000000fcc00000| Untracked 
|  13|0x00000000fcd00000, 0x00000000fcd00000, 0x00000000fce00000|  0%| F|  |TAMS 0x00000000fcd00000| PB 0x00000000fcd00000| Untracked 
|  14|0x00000000fce00000, 0x00000000fce00000, 0x00000000fcf00000|  0%| F|  |TAMS 0x00000000fce00000| PB 0x00000000fce00000| Untracked 
|  15|0x00000000fcf00000, 0x00000000fcf00000, 0x00000000fd000000|  0%| F|  |TAMS 0x00000000fcf00000| PB 0x00000000fcf00000| Untracked 
|  16|0x00000000fd000000, 0x00000000fd000000, 0x00000000fd100000|  0%| F|  |TAMS 0x00000000fd000000| PB 0x00000000fd000000| Untracked 
|  17|0x00000000fd100000, 0x00000000fd100000, 0x00000000fd200000|  0%| F|  |TAMS 0x00000000fd100000| PB 0x00000000fd100000| Untracked 
|  18|0x00000000fd200000, 0x00000000fd200000, 0x00000000fd300000|  0%| F|  |TAMS 0x00000000fd200000| PB 0x00000000fd200000| Untracked 
|  19|0x00000000fd300000, 0x00000000fd300000, 0x00000000fd400000|  0%| F|  |TAMS 0x00000000fd300000| PB 0x00000000fd300000| Untracked 
|  20|0x00000000fd400000, 0x00000000fd400000, 0x00000000fd500000|  0%| F|  |TAMS 0x00000000fd400000| PB 0x00000000fd400000| Untracked 
|  21|0x00000000fd500000, 0x00000000fd500000, 0x00000000fd600000|  0%| F|  |TAMS 0x00000000fd500000| PB 0x00000000fd500000| Untracked 
|  22|0x00000000fd600000, 0x00000000fd600000, 0x00000000fd700000|  0%| F|  |TAMS 0x00000000fd600000| PB 0x00000000fd600000| Untracked 
|  23|0x00000000fd700000, 0x00000000fd700000, 0x00000000fd800000|  0%| F|  |TAMS 0x00000000fd700000| PB 0x00000000fd700000| Untracked 
|  24|0x00000000fd800000, 0x00000000fd800000, 0x00000000fd900000|  0%| F|  |TAMS 0x00000000fd800000| PB 0x00000000fd800000| Untracked 
|  25|0x00000000fd900000, 0x00000000fd900000, 0x00000000fda00000|  0%| F|  |TAMS 0x00000000fd900000| PB 0x00000000fd900000| Untracked 
|  26|0x00000000fda00000, 0x00000000fda00000, 0x00000000fdb00000|  0%| F|  |TAMS 0x00000000fda00000| PB 0x00000000fda00000| Untracked 
|  27|0x00000000fdb00000, 0x00000000fdb00000, 0x00000000fdc00000|  0%| F|  |TAMS 0x00000000fdb00000| PB 0x00000000fdb00000| Untracked 
|  28|0x00000000fdc00000, 0x00000000fdc00000, 0x00000000fdd00000|  0%| F|  |TAMS 0x00000000fdc00000| PB 0x00000000fdc00000| Untracked 
|  29|0x00000000fdd00000, 0x00000000fdd00000, 0x00000000fde00000|  0%| F|  |TAMS 0x00000000fdd00000| PB 0x00000000fdd00000| Untracked 
|  30|0x00000000fde00000, 0x00000000fde00000, 0x00000000fdf00000|  0%| F|  |TAMS 0x00000000fde00000| PB 0x00000000fde00000| Untracked 
|  31|0x00000000fdf00000, 0x00000000fdf00000, 0x00000000fe000000|  0%| F|  |TAMS 0x00000000fdf00000| PB 0x00000000fdf00000| Untracked 
|  32|0x00000000fe000000, 0x00000000fe084480, 0x00000000fe100000| 51%| S|CS|TAMS 0x00000000fe000000| PB 0x00000000fe000000| Complete 
|  33|0x00000000fe100000, 0x00000000fe100000, 0x00000000fe200000|  0%| F|  |TAMS 0x00000000fe100000| PB 0x00000000fe100000| Untracked 
|  34|0x00000000fe200000, 0x00000000fe200000, 0x00000000fe300000|  0%| F|  |TAMS 0x00000000fe200000| PB 0x00000000fe200000| Untracked 
|  35|0x00000000fe300000, 0x00000000fe300000, 0x00000000fe400000|  0%| F|  |TAMS 0x00000000fe300000| PB 0x00000000fe300000| Untracked 
|  36|0x00000000fe400000, 0x00000000fe400000, 0x00000000fe500000|  0%| F|  |TAMS 0x00000000fe400000| PB 0x00000000fe400000| Untracked 
|  37|0x00000000fe500000, 0x00000000fe500000, 0x00000000fe600000|  0%| F|  |TAMS 0x00000000fe500000| PB 0x00000000fe500000| Untracked 
|  38|0x00000000fe600000, 0x00000000fe600000, 0x00000000fe700000|  0%| F|  |TAMS 0x00000000fe600000| PB 0x00000000fe600000| Untracked 
|  39|0x00000000fe700000, 0x00000000fe700000, 0x00000000fe800000|  0%| F|  |TAMS 0x00000000fe700000| PB 0x00000000fe700000| Untracked 
|  40|0x00000000fe800000, 0x00000000fe800000, 0x00000000fe900000|  0%| F|  |TAMS 0x00000000fe800000| PB 0x00000000fe800000| Untracked 
|  41|0x00000000fe900000, 0x00000000fe900000, 0x00000000fea00000|  0%| F|  |TAMS 0x00000000fe900000| PB 0x00000000fe900000| Untracked 
|  42|0x00000000fea00000, 0x00000000fea00000, 0x00000000feb00000|  0%| F|  |TAMS 0x00000000fea00000| PB 0x00000000fea00000| Untracked 
|  43|0x00000000feb00000, 0x00000000feb00000, 0x00000000fec00000|  0%| F|  |TAMS 0x00000000feb00000| PB 0x00000000feb00000| Untracked 
|  44|0x00000000fec00000, 0x00000000fec00000, 0x00000000fed00000|  0%| F|  |TAMS 0x00000000fec00000| PB 0x00000000fec00000| Untracked 
|  45|0x00000000fed00000, 0x00000000fed00000, 0x00000000fee00000|  0%| F|  |TAMS 0x00000000fed00000| PB 0x00000000fed00000| Untracked 
|  46|0x00000000fee00000, 0x00000000fee00000, 0x00000000fef00000|  0%| F|  |TAMS 0x00000000fee00000| PB 0x00000000fee00000| Untracked 
|  47|0x00000000fef00000, 0x00000000fef00000, 0x00000000ff000000|  0%| F|  |TAMS 0x00000000fef00000| PB 0x00000000fef00000| Untracked 
|  48|0x00000000ff000000, 0x00000000ff000000, 0x00000000ff100000|  0%| F|  |TAMS 0x00000000ff000000| PB 0x00000000ff000000| Untracked 
|  49|0x00000000ff100000, 0x00000000ff100000, 0x00000000ff200000|  0%| F|  |TAMS 0x00000000ff100000| PB 0x00000000ff100000| Untracked 
|  50|0x00000000ff200000, 0x00000000ff200000, 0x00000000ff300000|  0%| F|  |TAMS 0x00000000ff200000| PB 0x00000000ff200000| Untracked 
|  51|0x00000000ff300000, 0x00000000ff300000, 0x00000000ff400000|  0%| F|  |TAMS 0x00000000ff300000| PB 0x00000000ff300000| Untracked 
|  52|0x00000000ff400000, 0x00000000ff400000, 0x00000000ff500000|  0%| F|  |TAMS 0x00000000ff400000| PB 0x00000000ff400000| Untracked 
|  53|0x00000000ff500000, 0x00000000ff500000, 0x00000000ff600000|  0%| F|  |TAMS 0x00000000ff500000| PB 0x00000000ff500000| Untracked 
|  54|0x00000000ff600000, 0x00000000ff600000, 0x00000000ff700000|  0%| F|  |TAMS 0x00000000ff600000| PB 0x00000000ff600000| Untracked 
|  55|0x00000000ff700000, 0x00000000ff700000, 0x00000000ff800000|  0%| F|  |TAMS 0x00000000ff700000| PB 0x00000000ff700000| Untracked 
|  56|0x00000000ff800000, 0x00000000ff800000, 0x00000000ff900000|  0%| F|  |TAMS 0x00000000ff800000| PB 0x00000000ff800000| Untracked 
|  57|0x00000000ff900000, 0x00000000ff900000, 0x00000000ffa00000|  0%| F|  |TAMS 0x00000000ff900000| PB 0x00000000ff900000| Untracked 
|  58|0x00000000ffa00000, 0x00000000ffa00000, 0x00000000ffb00000|  0%| F|  |TAMS 0x00000000ffa00000| PB 0x00000000ffa00000| Untracked 
|  59|0x00000000ffb00000, 0x00000000ffba9298, 0x00000000ffc00000| 66%| E|  |TAMS 0x00000000ffb00000| PB 0x00000000ffb00000| Complete 
|  60|0x00000000ffc00000, 0x00000000ffd00000, 0x00000000ffd00000|100%| E|CS|TAMS 0x00000000ffc00000| PB 0x00000000ffc00000| Complete 
|  61|0x00000000ffd00000, 0x00000000ffe00000, 0x00000000ffe00000|100%| E|CS|TAMS 0x00000000ffd00000| PB 0x00000000ffd00000| Complete 
|  62|0x00000000ffe00000, 0x00000000fff00000, 0x00000000fff00000|100%| E|CS|TAMS 0x00000000ffe00000| PB 0x00000000ffe00000| Complete 
|  63|0x00000000fff00000, 0x0000000100000000, 0x0000000100000000|100%| E|CS|TAMS 0x00000000fff00000| PB 0x00000000fff00000| Complete 

Card table byte_map: [0x0000016a7b7a0000,0x0000016a7b7c0000] _byte_map_base: 0x0000016a7afc0000

Marking Bits: (CMBitMap*) 0x0000016a7ba25b80
 Bits: [0x0000016a7dc00000, 0x0000016a7dd00000)

Polling page: 0x0000016a7b750000

Metaspace:

Usage:
  Non-class:      9.01 MB used.
      Class:      1.31 MB used.
       Both:     10.32 MB used.

Virtual space:
  Non-class space:       64.00 MB reserved,       9.12 MB ( 14%) committed,  1 nodes.
      Class space:        1.00 GB reserved,       1.50 MB ( <1%) committed,  1 nodes.
             Both:        1.06 GB reserved,      10.62 MB ( <1%) committed. 

Chunk freelists:
   Non-Class:  6.89 MB
       Class:  14.48 MB
        Both:  21.38 MB

MaxMetaspaceSize: unlimited
CompressedClassSpaceSize: 1.00 GB
Initial GC threshold: 21.00 MB
Current GC threshold: 21.00 MB
CDS: on
 - commit_granule_bytes: 65536.
 - commit_granule_words: 8192.
 - virtual_space_node_default_size: 8388608.
 - enlarge_chunks_in_place: 1.
 - use_allocation_guard: 0.


Internal statistics:

num_allocs_failed_limit: 0.
num_arena_births: 268.
num_arena_deaths: 0.
num_vsnodes_births: 2.
num_vsnodes_deaths: 0.
num_space_committed: 170.
num_space_uncommitted: 0.
num_chunks_returned_to_freelist: 0.
num_chunks_taken_from_freelist: 594.
num_chunk_merges: 0.
num_chunk_splits: 376.
num_chunks_enlarged: 278.
num_inconsistent_stats: 0.

CodeHeap 'non-profiled nmethods': size=120000Kb used=1371Kb max_used=1371Kb free=118628Kb
 bounds [0x0000016a10100000, 0x0000016a10370000, 0x0000016a17630000]
CodeHeap 'profiled nmethods': size=120000Kb used=4326Kb max_used=4326Kb free=115673Kb
 bounds [0x0000016a08630000, 0x0000016a08a70000, 0x0000016a0fb60000]
CodeHeap 'non-nmethods': size=5760Kb used=1403Kb max_used=1462Kb free=4357Kb
 bounds [0x0000016a0fb60000, 0x0000016a0fdd0000, 0x0000016a10100000]
 total_blobs=2865 nmethods=2368 adapters=401
 compilation: enabled
              stopped_count=0, restarted_count=0
 full_count=0

Compilation events (20 events):
Event: 202.599 Thread 0x0000016a17dc6240 nmethod 2359 0x0000016a10242090 code [0x0000016a10242240, 0x0000016a10242388]
Event: 202.840 Thread 0x0000016a17dd9460 2360       3       org.gradle.internal.logging.console.ProgressOperation::addChild (29 bytes)
Event: 202.841 Thread 0x0000016a17dd9460 nmethod 2360 0x0000016a08a67410 code [0x0000016a08a67600, 0x0000016a08a67c28]
Event: 203.032 Thread 0x0000016a17dc6240 2361   !   4       java.lang.Class::getEnumConstantsShared (71 bytes)
Event: 203.073 Thread 0x0000016a17dc6240 nmethod 2361 0x0000016a10242590 code [0x0000016a10242860, 0x0000016a102431c0]
Event: 203.091 Thread 0x0000016a17dc6240 2362       4       org.gradle.internal.logging.serializer.LogEventSerializer::read (6 bytes)
Event: 203.541 Thread 0x0000016a17dc6240 nmethod 2362 0x0000016a10243990 code [0x0000016a10244060, 0x0000016a102493d0]
Event: 203.543 Thread 0x0000016a17dc6240 2363       4       org.gradle.internal.logging.serializer.LogEventSerializer::read (100 bytes)
Event: 203.740 Thread 0x0000016a17dd9460 2364       3       org.gradle.internal.logging.console.ProgressOperation::removeChild (43 bytes)
Event: 203.743 Thread 0x0000016a17dd9460 nmethod 2364 0x0000016a08a67e10 code [0x0000016a08a680c0, 0x0000016a08a68e68]
Event: 203.889 Thread 0x0000016a17dc6240 nmethod 2363 0x0000016a1024c510 code [0x0000016a1024cbe0, 0x0000016a10251f50]
Event: 204.167 Thread 0x0000016a17dc6240 2365   !   4       java.io.ObjectInputStream::readObject0 (681 bytes)
Event: 204.188 Thread 0x0000016a17dc6240 nmethod 2365 0x0000016a10255090 code [0x0000016a102552a0, 0x0000016a10255d78]
Event: 204.188 Thread 0x0000016a17dc6240 2366       4       java.io.ObjectInputStream$BlockDataInputStream::currentBlockRemaining (41 bytes)
Event: 204.189 Thread 0x0000016a17dc6240 nmethod 2366 0x0000016a10256510 code [0x0000016a102566a0, 0x0000016a10256770]
Event: 204.424 Thread 0x0000016a17dc6240 2367       4       java.util.HashMap::containsKey (14 bytes)
Event: 204.430 Thread 0x0000016a17dd9460 2368       3       org.gradle.internal.logging.console.WorkInProgressRenderer::attach (27 bytes)
Event: 204.431 Thread 0x0000016a17dd9460 nmethod 2368 0x0000016a08a69290 code [0x0000016a08a69460, 0x0000016a08a69888]
Event: 204.431 Thread 0x0000016a17dc6240 nmethod 2367 0x0000016a10256810 code [0x0000016a102569c0, 0x0000016a10256cf8]
Event: 210.737 Thread 0x0000016a17dc6240 2369       4       org.gradle.internal.logging.console.WorkInProgressRenderer::renderNow (351 bytes)

GC Heap History (6 events):
Event: 0.921 GC heap before
{Heap before GC invocations=0 (full 0):
 garbage-first heap   total 65536K, used 22528K [0x00000000fc000000, 0x0000000100000000)
  region size 1024K, 23 young (23552K), 0 survivors (0K)
 Metaspace       used 1707K, committed 1920K, reserved 1114112K
  class space    used 151K, committed 256K, reserved 1048576K
}
Event: 0.927 GC heap after
{Heap after GC invocations=1 (full 0):
 garbage-first heap   total 65536K, used 2816K [0x00000000fc000000, 0x0000000100000000)
  region size 1024K, 3 young (3072K), 3 survivors (3072K)
 Metaspace       used 1707K, committed 1920K, reserved 1114112K
  class space    used 151K, committed 256K, reserved 1048576K
}
Event: 5.846 GC heap before
{Heap before GC invocations=1 (full 0):
 garbage-first heap   total 65536K, used 37632K [0x00000000fc000000, 0x0000000100000000)
  region size 1024K, 35 young (35840K), 3 survivors (3072K)
 Metaspace       used 10054K, committed 10368K, reserved 1114112K
  class space    used 1333K, committed 1472K, reserved 1048576K
}
Event: 5.857 GC heap after
{Heap after GC invocations=2 (full 0):
 garbage-first heap   total 65536K, used 11489K [0x00000000fc000000, 0x0000000100000000)
  region size 1024K, 5 young (5120K), 5 survivors (5120K)
 Metaspace       used 10054K, committed 10368K, reserved 1114112K
  class space    used 1333K, committed 1472K, reserved 1048576K
}
Event: 200.017 GC heap before
{Heap before GC invocations=2 (full 0):
 garbage-first heap   total 65536K, used 43233K [0x00000000fc000000, 0x0000000100000000)
  region size 1024K, 36 young (36864K), 5 survivors (5120K)
 Metaspace       used 10562K, committed 10880K, reserved 1114112K
  class space    used 1341K, committed 1536K, reserved 1048576K
}
Event: 200.070 GC heap after
{Heap after GC invocations=3 (full 0):
 garbage-first heap   total 65536K, used 12304K [0x00000000fc000000, 0x0000000100000000)
  region size 1024K, 1 young (1024K), 1 survivors (1024K)
 Metaspace       used 10562K, committed 10880K, reserved 1114112K
  class space    used 1341K, committed 1536K, reserved 1048576K
}

Dll operation events (13 events):
Event: 0.027 Loaded shared library C:\Program Files\Eclipse Adoptium\jdk-21.0.7.6-hotspot\bin\java.dll
Event: 0.092 Loaded shared library C:\Program Files\Eclipse Adoptium\jdk-21.0.7.6-hotspot\bin\jsvml.dll
Event: 0.130 Loaded shared library C:\Program Files\Eclipse Adoptium\jdk-21.0.7.6-hotspot\bin\net.dll
Event: 0.135 Loaded shared library C:\Program Files\Eclipse Adoptium\jdk-21.0.7.6-hotspot\bin\nio.dll
Event: 0.143 Loaded shared library C:\Program Files\Eclipse Adoptium\jdk-21.0.7.6-hotspot\bin\zip.dll
Event: 0.790 Loaded shared library C:\Program Files\Eclipse Adoptium\jdk-21.0.7.6-hotspot\bin\jimage.dll
Event: 1.605 Loaded shared library C:\Program Files\Eclipse Adoptium\jdk-21.0.7.6-hotspot\bin\verify.dll
Event: 1.797 Loaded shared library C:\Program Files\Eclipse Adoptium\jdk-21.0.7.6-hotspot\bin\management.dll
Event: 1.809 Loaded shared library C:\Program Files\Eclipse Adoptium\jdk-21.0.7.6-hotspot\bin\management_ext.dll
Event: 2.143 Loaded shared library C:\Users\admin\.gradle\native\c067742578af261105cb4f569cf0c3c89f3d7b1fecec35dd04571415982c5e48\windows-amd64\native-platform.dll
Event: 2.198 Loaded shared library C:\Users\admin\.gradle\native\jansi\1.18\windows64\jansi.dll
Event: 3.275 Loaded shared library C:\Program Files\Eclipse Adoptium\jdk-21.0.7.6-hotspot\bin\extnet.dll
Event: 3.523 Loaded shared library C:\Program Files\Eclipse Adoptium\jdk-21.0.7.6-hotspot\bin\sunmscapi.dll

Deoptimization events (20 events):
Event: 20.649 Thread 0x0000016a5dce3150 DEOPT PACKING pc=0x0000016a089f875c sp=0x0000000b5a1feb80
Event: 20.649 Thread 0x0000016a5dce3150 DEOPT UNPACKING pc=0x0000016a0fbb4e42 sp=0x0000000b5a1fe050 mode 0
Event: 20.657 Thread 0x0000016a5dce3150 DEOPT PACKING pc=0x0000016a089f875c sp=0x0000000b5a1feb80
Event: 20.657 Thread 0x0000016a5dce3150 DEOPT UNPACKING pc=0x0000016a0fbb4e42 sp=0x0000000b5a1fe050 mode 0
Event: 20.684 Thread 0x0000016a5dce3150 DEOPT PACKING pc=0x0000016a089f875c sp=0x0000000b5a1fea80
Event: 20.684 Thread 0x0000016a5dce3150 DEOPT UNPACKING pc=0x0000016a0fbb4e42 sp=0x0000000b5a1fdf50 mode 0
Event: 20.699 Thread 0x0000016a5dce3150 DEOPT PACKING pc=0x0000016a089f875c sp=0x0000000b5a1feb80
Event: 20.699 Thread 0x0000016a5dce3150 DEOPT UNPACKING pc=0x0000016a0fbb4e42 sp=0x0000000b5a1fe050 mode 0
Event: 154.869 Thread 0x0000016a7b4a02a0 Uncommon trap: trap_request=0xffffff45 fr.pc=0x0000016a101bda44 relative=0x0000000000000204
Event: 154.869 Thread 0x0000016a7b4a02a0 Uncommon trap: reason=unstable_if action=reinterpret pc=0x0000016a101bda44 method=com.esotericsoftware.kryo.io.Input.require(I)I @ 65 c2
Event: 154.869 Thread 0x0000016a7b4a02a0 DEOPT PACKING pc=0x0000016a101bda44 sp=0x0000000b58ffdd60
Event: 154.869 Thread 0x0000016a7b4a02a0 DEOPT UNPACKING pc=0x0000016a0fbb46a2 sp=0x0000000b58ffdd10 mode 2
Event: 155.257 Thread 0x0000016a5dce3150 Uncommon trap: trap_request=0xffffff45 fr.pc=0x0000016a101e2c10 relative=0x0000000000000e90
Event: 155.257 Thread 0x0000016a5dce3150 Uncommon trap: reason=unstable_if action=reinterpret pc=0x0000016a101e2c10 method=sun.nio.cs.StreamEncoder.growByteBufferIfNeeded(I)V @ 13 c2
Event: 155.258 Thread 0x0000016a5dce3150 DEOPT PACKING pc=0x0000016a101e2c10 sp=0x0000000b5a1fea00
Event: 155.258 Thread 0x0000016a5dce3150 DEOPT UNPACKING pc=0x0000016a0fbb46a2 sp=0x0000000b5a1fe7d0 mode 2
Event: 201.196 Thread 0x0000016a7b4a02a0 Uncommon trap: trap_request=0xffffff45 fr.pc=0x0000016a10238534 relative=0x0000000000000354
Event: 201.196 Thread 0x0000016a7b4a02a0 Uncommon trap: reason=unstable_if action=reinterpret pc=0x0000016a10238534 method=com.esotericsoftware.kryo.io.Input.readVarLong(Z)J @ 84 c2
Event: 201.196 Thread 0x0000016a7b4a02a0 DEOPT PACKING pc=0x0000016a10238534 sp=0x0000000b58ffe070
Event: 201.197 Thread 0x0000016a7b4a02a0 DEOPT UNPACKING pc=0x0000016a0fbb46a2 sp=0x0000000b58ffe010 mode 2

Classes loaded (20 events):
Event: 4.035 Loading class jdk/internal/logger/LazyLoggers$LazyLoggerFactories
Event: 4.036 Loading class jdk/internal/logger/LazyLoggers$LazyLoggerFactories done
Event: 4.037 Loading class jdk/internal/logger/LoggerFinderLoader
Event: 4.038 Loading class jdk/internal/logger/LoggerFinderLoader done
Event: 4.039 Loading class jdk/internal/logger/LoggerFinderLoader$TemporaryLoggerFinder
Event: 4.039 Loading class jdk/internal/logger/LoggerFinderLoader$TemporaryLoggerFinder done
Event: 4.039 Loading class sun/util/logging/internal/LoggingProviderImpl$JULWrapper
Event: 4.040 Loading class sun/util/logging/PlatformLogger$ConfigurableBridge$LoggerConfiguration
Event: 4.040 Loading class sun/util/logging/PlatformLogger$ConfigurableBridge$LoggerConfiguration done
Event: 4.040 Loading class sun/util/logging/internal/LoggingProviderImpl$JULWrapper done
Event: 4.042 Loading class java/io/ObjectInputFilter$Config$BuiltinFilterFactory
Event: 4.042 Loading class java/io/ObjectInputFilter$Config$BuiltinFilterFactory done
Event: 4.043 Loading class jdk/internal/access/JavaObjectInputFilterAccess
Event: 4.043 Loading class jdk/internal/access/JavaObjectInputFilterAccess done
Event: 4.044 Loading class java/lang/System$Logger$Level
Event: 4.044 Loading class java/lang/System$Logger$Level done
Event: 5.842 Loading class java/lang/invoke/MethodHandle$1
Event: 5.843 Loading class java/lang/invoke/MethodHandle$1 done
Event: 51.014 Loading class java/lang/foreign/MemorySegment
Event: 51.016 Loading class java/lang/foreign/MemorySegment done

Classes unloaded (0 events):
No events

Classes redefined (0 events):
No events

Internal exceptions (20 events):
Event: 1.955 Thread 0x0000016a7b4a02a0 Implicit null exception at 0x0000016a10135840 to 0x0000016a101358c5
Event: 1.986 Thread 0x0000016a7b4a02a0 Exception <a 'java/lang/NoSuchMethodError'{0x00000000ff2e0aa8}: 'void java.lang.invoke.DirectMethodHandle$Holder.invokeInterface(java.lang.Object, java.lang.Object, java.lang.Object)'> (0x00000000ff2e0aa8) 
thrown [s\src\hotspot\share\interpreter\linkResolver.cpp, line 773]
Event: 2.035 Thread 0x0000016a7b4a02a0 Exception <a 'java/lang/NoClassDefFoundError'{0x00000000ff13b900}: org/slf4j/impl/StaticMarkerBinder> (0x00000000ff13b900) 
thrown [s\src\hotspot\share\classfile\systemDictionary.cpp, line 301]
Event: 2.101 Thread 0x0000016a7b4a02a0 Exception <a 'java/lang/NoSuchMethodError'{0x00000000ff1e55a8}: 'java.lang.Object java.lang.invoke.DirectMethodHandle$Holder.invokeStatic(java.lang.Object, java.lang.Object, int)'> (0x00000000ff1e55a8) 
thrown [s\src\hotspot\share\interpreter\linkResolver.cpp, line 773]
Event: 2.107 Thread 0x0000016a7b4a02a0 Exception <a 'java/lang/NoSuchMethodError'{0x00000000ff1f0d58}: 'void java.lang.invoke.DelegatingMethodHandle$Holder.delegate(java.lang.Object, java.lang.Object, int, java.lang.Object)'> (0x00000000ff1f0d58) 
thrown [s\src\hotspot\share\interpreter\linkResolver.cpp, line 773]
Event: 2.297 Thread 0x0000016a7b4a02a0 Exception <a 'java/lang/NoSuchMethodError'{0x00000000fede22b8}: 'java.lang.Object java.lang.invoke.DirectMethodHandle$Holder.newInvokeSpecial(java.lang.Object, java.lang.Object, java.lang.Object, java.lang.Object, java.lang.Object)'> (0x00000000fede22b8) 
thrown [s\src\hotspot\share\interpreter\linkResolver.cpp, line 773]
Event: 2.320 Thread 0x0000016a7b4a02a0 Exception <a 'java/lang/NoSuchMethodError'{0x00000000fec2b428}: 'java.lang.Object java.lang.invoke.Invokers$Holder.invokeExact_MT(java.lang.Object, java.lang.Object, java.lang.Object, java.lang.Object, java.lang.Object)'> (0x00000000fec2b428) 
thrown [s\src\hotspot\share\interpreter\linkResolver.cpp, line 773]
Event: 2.330 Thread 0x0000016a7b4a02a0 Exception <a 'java/lang/NoSuchMethodError'{0x00000000fec57b18}: 'java.lang.Object java.lang.invoke.DirectMethodHandle$Holder.invokeVirtual(java.lang.Object, java.lang.Object, java.lang.Object, java.lang.Object, java.lang.Object, java.lang.Object, java.lang.Object)'> (0x00000000fec57b18) 
thrown [s\src\hotspot\share\interpreter\linkResolver.cpp, line 773]
Event: 2.356 Thread 0x0000016a7b4a02a0 Exception <a 'java/lang/NoSuchMethodError'{0x00000000fec95da0}: 'java.lang.Object java.lang.invoke.DirectMethodHandle$Holder.invokeVirtual(java.lang.Object, java.lang.Object, java.lang.Object, java.lang.Object)'> (0x00000000fec95da0) 
thrown [s\src\hotspot\share\interpreter\linkResolver.cpp, line 773]
Event: 2.428 Thread 0x0000016a7b4a02a0 Exception <a 'java/lang/NoSuchMethodError'{0x00000000fea36558}: 'int java.lang.invoke.DirectMethodHandle$Holder.invokeVirtual(java.lang.Object, java.lang.Object, java.lang.Object)'> (0x00000000fea36558) 
thrown [s\src\hotspot\share\interpreter\linkResolver.cpp, line 773]
Event: 2.501 Thread 0x0000016a7b4a02a0 Exception <a 'java/lang/NoSuchMethodError'{0x00000000fe976528}: 'java.lang.Object java.lang.invoke.DirectMethodHandle$Holder.invokeVirtual(java.lang.Object, java.lang.Object, java.lang.Object, java.lang.Object, java.lang.Object, java.lang.Object)'> (0x00000000fe976528) 
thrown [s\src\hotspot\share\interpreter\linkResolver.cpp, line 773]
Event: 2.556 Thread 0x0000016a7b4a02a0 Exception <a 'java/lang/NoSuchMethodError'{0x00000000fe53d098}: 'java.lang.Object java.lang.invoke.DirectMethodHandle$Holder.invokeVirtual(java.lang.Object, java.lang.Object, java.lang.Object, java.lang.Object, java.lang.Object)'> (0x00000000fe53d098) 
thrown [s\src\hotspot\share\interpreter\linkResolver.cpp, line 773]
Event: 2.561 Thread 0x0000016a7b4a02a0 Exception <a 'java/lang/NoSuchMethodError'{0x00000000fe54fee8}: 'java.lang.Object java.lang.invoke.Invokers$Holder.invokeExact_MT(java.lang.Object, java.lang.Object, java.lang.Object, java.lang.Object, java.lang.Object, java.lang.Object)'> (0x00000000fe54fee8) 
thrown [s\src\hotspot\share\interpreter\linkResolver.cpp, line 773]
Event: 2.601 Thread 0x0000016a7b4a02a0 Exception <a 'java/lang/NoSuchMethodError'{0x00000000fe418828}: 'java.lang.Object java.lang.invoke.DirectMethodHandle$Holder.invokeSpecialIFC(java.lang.Object, java.lang.Object, java.lang.Object, java.lang.Object)'> (0x00000000fe418828) 
thrown [s\src\hotspot\share\interpreter\linkResolver.cpp, line 773]
Event: 2.603 Thread 0x0000016a7b4a02a0 Exception <a 'java/lang/NoSuchMethodError'{0x00000000fe421af8}: 'java.lang.Object java.lang.invoke.DirectMethodHandle$Holder.invokeVirtual(java.lang.Object, java.lang.Object, java.lang.Object, java.lang.Object, java.lang.Object, java.lang.Object, java.lang.Object, java.lang.Object)'> (0x00000000fe421af8) 
thrown [s\src\hotspot\share\interpreter\linkResolver.cpp, line 773]
Event: 2.623 Thread 0x0000016a7b4a02a0 Exception <a 'java/lang/NoSuchMethodError'{0x00000000fe481ee0}: 'java.lang.Object java.lang.invoke.DirectMethodHandle$Holder.invokeVirtual(java.lang.Object, java.lang.Object, java.lang.Object, java.lang.Object, java.lang.Object, java.lang.Object, java.lang.Object, java.lang.Object, java.lang.Object)'> (0x00000000fe481ee0) 
thrown [s\src\hotspot\share\interpreter\linkResolver.cpp, line 773]
Event: 2.797 Thread 0x0000016a7b4a02a0 Exception <a 'java/lang/NoSuchMethodError'{0x00000000fe125178}: 'java.lang.Object java.lang.invoke.DirectMethodHandle$Holder.invokeStaticInit(java.lang.Object, int, int, int, int)'> (0x00000000fe125178) 
thrown [s\src\hotspot\share\interpreter\linkResolver.cpp, line 773]
Event: 3.201 Thread 0x0000016a7b4a02a0 Exception <a 'java/lang/NoSuchMethodError'{0x00000000fe1e8f48}: 'java.lang.Object java.lang.invoke.DirectMethodHandle$Holder.invokeStaticInit(java.lang.Object, java.lang.Object, int, int, int, int)'> (0x00000000fe1e8f48) 
thrown [s\src\hotspot\share\interpreter\linkResolver.cpp, line 773]
Event: 3.287 Thread 0x0000016a7b4a02a0 Exception <a 'java/lang/NoSuchMethodError'{0x00000000fe012400}: 'void java.lang.invoke.DirectMethodHandle$Holder.invokeStatic(java.lang.Object, java.lang.Object, java.lang.Object)'> (0x00000000fe012400) 
thrown [s\src\hotspot\share\interpreter\linkResolver.cpp, line 773]
Event: 3.373 Thread 0x0000016a7b4a02a0 Implicit null exception at 0x0000016a1014caa0 to 0x0000016a1014d068

ZGC Phase Switch (0 events):
No events

VM Operations (20 events):
Event: 180.218 Executing VM operation: HandshakeAllThreads (HandshakeForDeflation)
Event: 180.218 Executing VM operation: HandshakeAllThreads (HandshakeForDeflation) done
Event: 180.218 Executing VM operation: RendezvousGCThreads
Event: 180.218 Executing VM operation: RendezvousGCThreads done
Event: 192.348 Executing VM operation: Cleanup
Event: 192.348 Executing VM operation: Cleanup done
Event: 194.370 Executing VM operation: Cleanup
Event: 194.370 Executing VM operation: Cleanup done
Event: 195.372 Executing VM operation: Cleanup
Event: 195.372 Executing VM operation: Cleanup done
Event: 199.401 Executing VM operation: Cleanup
Event: 199.401 Executing VM operation: Cleanup done
Event: 200.015 Executing VM operation: G1CollectForAllocation (G1 Evacuation Pause)
Event: 200.070 Executing VM operation: G1CollectForAllocation (G1 Evacuation Pause) done
Event: 203.073 Executing VM operation: Cleanup
Event: 203.073 Executing VM operation: Cleanup done
Event: 205.074 Executing VM operation: Cleanup
Event: 205.074 Executing VM operation: Cleanup done
Event: 211.143 Executing VM operation: Cleanup
Event: 211.144 Executing VM operation: Cleanup done

Memory protections (0 events):
No events

Nmethod flushes (0 events):
No events

Events (18 events):
Event: 0.056 Thread 0x0000016a7b4a02a0 Thread added: 0x0000016a7b4a02a0
Event: 0.086 Thread 0x0000016a7b4a02a0 Thread added: 0x0000016a17dbd5e0
Event: 0.086 Thread 0x0000016a7b4a02a0 Thread added: 0x0000016a17dbe230
Event: 0.087 Thread 0x0000016a7b4a02a0 Thread added: 0x0000016a17dc41b0
Event: 0.087 Thread 0x0000016a7b4a02a0 Thread added: 0x0000016a17dc70e0
Event: 0.087 Thread 0x0000016a7b4a02a0 Thread added: 0x0000016a17dc4d30
Event: 0.087 Thread 0x0000016a7b4a02a0 Thread added: 0x0000016a17dc5390
Event: 0.088 Thread 0x0000016a7b4a02a0 Thread added: 0x0000016a17dc6240
Event: 0.088 Thread 0x0000016a7b4a02a0 Thread added: 0x0000016a17dd9460
Event: 0.120 Thread 0x0000016a7b4a02a0 Thread added: 0x0000016a5d08f500
Event: 0.123 Thread 0x0000016a7b4a02a0 Thread added: 0x0000016a5d096160
Event: 0.704 Thread 0x0000016a17dc6240 Thread added: 0x0000016a5d3f97f0
Event: 0.777 Thread 0x0000016a17dd9460 Thread added: 0x0000016a5d3fac60
Event: 1.872 Thread 0x0000016a5d3fac60 Thread exited: 0x0000016a5d3fac60
Event: 1.872 Thread 0x0000016a5d3f97f0 Thread exited: 0x0000016a5d3f97f0
Event: 2.229 Thread 0x0000016a7b4a02a0 Thread added: 0x0000016a5dce3150
Event: 2.301 Thread 0x0000016a17dd9460 Thread added: 0x0000016a5e3b5c00
Event: 3.021 Thread 0x0000016a5e3b5c00 Thread exited: 0x0000016a5e3b5c00


Dynamic libraries:
0x00007ff6eb500000 - 0x00007ff6eb50e000 	C:\Program Files\Eclipse Adoptium\jdk-21.0.7.6-hotspot\bin\java.exe
0x00007ff9930e0000 - 0x00007ff993348000 	C:\WINDOWS\SYSTEM32\ntdll.dll
0x00007ff991a70000 - 0x00007ff991b39000 	C:\WINDOWS\System32\KERNEL32.DLL
0x00007ff990790000 - 0x00007ff990b7d000 	C:\WINDOWS\System32\KERNELBASE.dll
0x00007ff990b80000 - 0x00007ff990ccb000 	C:\WINDOWS\System32\ucrtbase.dll
0x00007ff9817d0000 - 0x00007ff9817e8000 	C:\Program Files\Eclipse Adoptium\jdk-21.0.7.6-hotspot\bin\jli.dll
0x00007ff981880000 - 0x00007ff98189e000 	C:\Program Files\Eclipse Adoptium\jdk-21.0.7.6-hotspot\bin\VCRUNTIME140.dll
0x00007ff992360000 - 0x00007ff99252c000 	C:\WINDOWS\System32\USER32.dll
0x00007ff990cd0000 - 0x00007ff990cf7000 	C:\WINDOWS\System32\win32u.dll
0x00007ff9731e0000 - 0x00007ff97347a000 	C:\WINDOWS\WinSxS\amd64_microsoft.windows.common-controls_6595b64144ccf1df_6.0.26100.4484_none_3e0e6d4ce32ef3b3\COMCTL32.dll
0x00007ff991540000 - 0x00007ff99156b000 	C:\WINDOWS\System32\GDI32.dll
0x00007ff991310000 - 0x00007ff9913b9000 	C:\WINDOWS\System32\msvcrt.dll
0x00007ff990230000 - 0x00007ff990367000 	C:\WINDOWS\System32\gdi32full.dll
0x00007ff990370000 - 0x00007ff990413000 	C:\WINDOWS\System32\msvcp_win.dll
0x00007ff991bc0000 - 0x00007ff991bef000 	C:\WINDOWS\System32\IMM32.DLL
0x00007ff988450000 - 0x00007ff98845c000 	C:\Program Files\Eclipse Adoptium\jdk-21.0.7.6-hotspot\bin\vcruntime140_1.dll
0x00007ff950ec0000 - 0x00007ff950f4d000 	C:\Program Files\Eclipse Adoptium\jdk-21.0.7.6-hotspot\bin\msvcp140.dll
0x00007ff943960000 - 0x00007ff9446f0000 	C:\Program Files\Eclipse Adoptium\jdk-21.0.7.6-hotspot\bin\server\jvm.dll
0x00007ff9922a0000 - 0x00007ff992354000 	C:\WINDOWS\System32\ADVAPI32.dll
0x00007ff9920d0000 - 0x00007ff992176000 	C:\WINDOWS\System32\sechost.dll
0x00007ff992180000 - 0x00007ff992298000 	C:\WINDOWS\System32\RPCRT4.dll
0x00007ff991b40000 - 0x00007ff991bb4000 	C:\WINDOWS\System32\WS2_32.dll
0x00007ff9786e0000 - 0x00007ff978715000 	C:\WINDOWS\SYSTEM32\WINMM.dll
0x00007ff990080000 - 0x00007ff9900de000 	C:\WINDOWS\SYSTEM32\POWRPROF.dll
0x00007ff981810000 - 0x00007ff98181b000 	C:\WINDOWS\SYSTEM32\VERSION.dll
0x00007ff990050000 - 0x00007ff990064000 	C:\WINDOWS\SYSTEM32\UMPDC.dll
0x00007ff98ef90000 - 0x00007ff98efab000 	C:\WINDOWS\SYSTEM32\kernel.appcore.dll
0x00007ff982260000 - 0x00007ff98226a000 	C:\Program Files\Eclipse Adoptium\jdk-21.0.7.6-hotspot\bin\jimage.dll
0x00007ff9814e0000 - 0x00007ff981721000 	C:\WINDOWS\SYSTEM32\DBGHELP.DLL
0x00007ff991600000 - 0x00007ff991986000 	C:\WINDOWS\System32\combase.dll
0x00007ff991df0000 - 0x00007ff991ed0000 	C:\WINDOWS\System32\OLEAUT32.dll
0x00007ff96c0d0000 - 0x00007ff96c113000 	C:\WINDOWS\SYSTEM32\dbgcore.DLL
0x00007ff9906f0000 - 0x00007ff990789000 	C:\WINDOWS\System32\bcryptPrimitives.dll
0x00007ff977900000 - 0x00007ff97791f000 	C:\Program Files\Eclipse Adoptium\jdk-21.0.7.6-hotspot\bin\java.dll
0x00007ff992720000 - 0x00007ff992e6a000 	C:\WINDOWS\System32\SHELL32.dll
0x00007ff990d00000 - 0x00007ff990e74000 	C:\WINDOWS\System32\wintypes.dll
0x00007ff98de50000 - 0x00007ff98e6ab000 	C:\WINDOWS\SYSTEM32\windows.storage.dll
0x00007ff9913c0000 - 0x00007ff9914b5000 	C:\WINDOWS\System32\SHCORE.dll
0x00007ff991f60000 - 0x00007ff991fca000 	C:\WINDOWS\System32\shlwapi.dll
0x00007ff990140000 - 0x00007ff99016f000 	C:\WINDOWS\SYSTEM32\profapi.dll
0x00007ff94ed70000 - 0x00007ff94ee47000 	C:\Program Files\Eclipse Adoptium\jdk-21.0.7.6-hotspot\bin\jsvml.dll
0x00007ff982130000 - 0x00007ff982140000 	C:\Program Files\Eclipse Adoptium\jdk-21.0.7.6-hotspot\bin\net.dll
0x00007ff983400000 - 0x00007ff98351e000 	C:\WINDOWS\SYSTEM32\WINHTTP.dll
0x00007ff98f500000 - 0x00007ff98f56a000 	C:\WINDOWS\system32\mswsock.dll
0x00007ff9775c0000 - 0x00007ff9775d6000 	C:\Program Files\Eclipse Adoptium\jdk-21.0.7.6-hotspot\bin\nio.dll
0x00007ff974660000 - 0x00007ff974678000 	C:\Program Files\Eclipse Adoptium\jdk-21.0.7.6-hotspot\bin\zip.dll
0x00007ff979490000 - 0x00007ff9794a0000 	C:\Program Files\Eclipse Adoptium\jdk-21.0.7.6-hotspot\bin\verify.dll
0x00007ff977870000 - 0x00007ff97787a000 	C:\Program Files\Eclipse Adoptium\jdk-21.0.7.6-hotspot\bin\management.dll
0x00007ff974650000 - 0x00007ff97465b000 	C:\Program Files\Eclipse Adoptium\jdk-21.0.7.6-hotspot\bin\management_ext.dll
0x00007ff993090000 - 0x00007ff993098000 	C:\WINDOWS\System32\PSAPI.DLL
0x00007ff979c20000 - 0x00007ff979c47000 	C:\Users\admin\.gradle\native\c067742578af261105cb4f569cf0c3c89f3d7b1fecec35dd04571415982c5e48\windows-amd64\native-platform.dll
0x00007ff988280000 - 0x00007ff98828a000 	C:\Users\admin\.gradle\native\jansi\1.18\windows64\jansi.dll
0x00007ff98f8e0000 - 0x00007ff98f8fb000 	C:\WINDOWS\SYSTEM32\CRYPTSP.dll
0x00007ff98eef0000 - 0x00007ff98ef2b000 	C:\WINDOWS\system32\rsaenh.dll
0x00007ff98f5a0000 - 0x00007ff98f5cb000 	C:\WINDOWS\SYSTEM32\USERENV.dll
0x00007ff990110000 - 0x00007ff990136000 	C:\WINDOWS\SYSTEM32\bcrypt.dll
0x00007ff98f740000 - 0x00007ff98f74c000 	C:\WINDOWS\SYSTEM32\CRYPTBASE.dll
0x00007ff98e9a0000 - 0x00007ff98e9d3000 	C:\WINDOWS\SYSTEM32\IPHLPAPI.DLL
0x00007ff992530000 - 0x00007ff99253a000 	C:\WINDOWS\System32\NSI.dll
0x00007ff968610000 - 0x00007ff968619000 	C:\Program Files\Eclipse Adoptium\jdk-21.0.7.6-hotspot\bin\extnet.dll
0x00007ff988270000 - 0x00007ff98827e000 	C:\Program Files\Eclipse Adoptium\jdk-21.0.7.6-hotspot\bin\sunmscapi.dll
0x00007ff990570000 - 0x00007ff9906e7000 	C:\WINDOWS\System32\CRYPT32.dll
0x00007ff98fa30000 - 0x00007ff98fa60000 	C:\WINDOWS\SYSTEM32\ncrypt.dll
0x00007ff98f9e0000 - 0x00007ff98fa1f000 	C:\WINDOWS\SYSTEM32\NTASN1.dll
0x00007ff9730e0000 - 0x00007ff9730e8000 	C:\WINDOWS\system32\wshunix.dll

dbghelp: loaded successfully - version: 4.0.5 - missing functions: none
symbol engine: initialized successfully - sym options: 0x614 - pdb path: .;C:\Program Files\Eclipse Adoptium\jdk-21.0.7.6-hotspot\bin;C:\WINDOWS\SYSTEM32;C:\WINDOWS\WinSxS\amd64_microsoft.windows.common-controls_6595b64144ccf1df_6.0.26100.4484_none_3e0e6d4ce32ef3b3;C:\Program Files\Eclipse Adoptium\jdk-21.0.7.6-hotspot\bin\server;C:\Users\admin\.gradle\native\c067742578af261105cb4f569cf0c3c89f3d7b1fecec35dd04571415982c5e48\windows-amd64;C:\Users\admin\.gradle\native\jansi\1.18\windows64

VM Arguments:
jvm_args: -Xmx64m -Xms64m -Dorg.gradle.appname=gradlew 
java_command: org.gradle.wrapper.GradleWrapperMain assembleRelease --info
java_class_path (initial): C:\Users\admin\Desktop\Web_development\Riders\\gradle\wrapper\gradle-wrapper.jar
Launcher Type: SUN_STANDARD

[Global flags]
     intx CICompilerCount                          = 4                                         {product} {ergonomic}
     uint ConcGCThreads                            = 2                                         {product} {ergonomic}
     uint G1ConcRefinementThreads                  = 8                                         {product} {ergonomic}
   size_t G1HeapRegionSize                         = 1048576                                   {product} {ergonomic}
    uintx GCDrainStackTargetSize                   = 64                                        {product} {ergonomic}
   size_t InitialHeapSize                          = 67108864                                  {product} {command line}
   size_t MarkStackSize                            = 4194304                                   {product} {ergonomic}
   size_t MaxHeapSize                              = 67108864                                  {product} {command line}
   size_t MaxNewSize                               = 39845888                                  {product} {ergonomic}
   size_t MinHeapDeltaBytes                        = 1048576                                   {product} {ergonomic}
   size_t MinHeapSize                              = 67108864                                  {product} {command line}
    uintx NonNMethodCodeHeapSize                   = 5839372                                {pd product} {ergonomic}
    uintx NonProfiledCodeHeapSize                  = 122909434                              {pd product} {ergonomic}
    uintx ProfiledCodeHeapSize                     = 122909434                              {pd product} {ergonomic}
    uintx ReservedCodeCacheSize                    = 251658240                              {pd product} {ergonomic}
     bool SegmentedCodeCache                       = true                                      {product} {ergonomic}
   size_t SoftMaxHeapSize                          = 67108864                               {manageable} {ergonomic}
     bool UseCompressedOops                        = true                           {product lp64_product} {ergonomic}
     bool UseG1GC                                  = true                                      {product} {ergonomic}
     bool UseLargePagesIndividualAllocation        = false                                  {pd product} {ergonomic}

Logging:
Log output configuration:
 #0: stdout all=warning uptime,level,tags foldmultilines=false
 #1: stderr all=off uptime,level,tags foldmultilines=false

Environment Variables:
JAVA_HOME=C:\Program Files\Eclipse Adoptium\jdk-21.0.7.6-hotspot
CLASSPATH=C:\Users\admin\Desktop\Web_development\Riders\\gradle\wrapper\gradle-wrapper.jar
PATH=C:\Program Files\Eclipse Adoptium\jdk-21.0.7.6-hotspot\bin;C:\WINDOWS\system32;C:\WINDOWS;C:\WINDOWS\System32\Wbem;C:\WINDOWS\System32\WindowsPowerShell\v1.0\;C:\WINDOWS\System32\OpenSSH\;C:\Program Files\Git\cmd;C:\Program Files\nodejs\;C:\Program Files\Eclipse Adoptium\jdk-21.0.7.6-hotspot\bin;C:\Program Files\Android\Android Studio\bin;C:\Users\admin\Gradle\gradle-8.14.3-all\gradle-8.14.3\bin;C:\Users\admin\AppData\Local\Programs\Python\Python313\Scripts\;C:\Users\admin\AppData\Local\Programs\Python\Python313\;C:\Users\admin\AppData\Local\Programs\Python\Launcher\;C:\Users\admin\AppData\Local\Microsoft\WindowsApps;C:\Users\admin\AppData\Local\JetBrains\Toolbox\scripts;C:\Users\admin\AppData\Local\Microsoft\WindowsApps;C:\Users\admin\AppData\Roaming\npm;C:\Users\admin\AppData\Local\Programs\Microsoft VS Code Insiders\bin;C:\Users\admin\AppData\Local\Programs\Microsoft VS Code\bin
USERNAME=admin
OS=Windows_NT
PROCESSOR_IDENTIFIER=Intel64 Family 6 Model 142 Stepping 12, GenuineIntel
TMP=C:\Users\admin\AppData\Local\Temp
TEMP=C:\Users\admin\AppData\Local\Temp




Periodic native trim disabled

---------------  S Y S T E M  ---------------

OS:
 Windows 11 , 64 bit Build 26100 (10.0.26100.4484)
OS uptime: 6 days 19:39 hours
Hyper-V role detected

CPU: total 8 (initial active 8) (4 cores per cpu, 2 threads per core) family 6 model 142 stepping 12 microcode 0xec, cx8, cmov, fxsr, ht, mmx, 3dnowpref, sse, sse2, sse3, ssse3, sse4.1, sse4.2, popcnt, lzcnt, tsc, tscinvbit, avx, avx2, aes, erms, clmul, bmi1, bmi2, adx, fma, vzeroupper, clflush, clflushopt, hv, rdtscp, f16c
Processor Information for processor 0
  Max Mhz: 1800, Current Mhz: 1600, Mhz Limit: 1584
Processor Information for processor 1
  Max Mhz: 1800, Current Mhz: 1600, Mhz Limit: 1584
Processor Information for processor 2
  Max Mhz: 1800, Current Mhz: 1600, Mhz Limit: 1584
Processor Information for processor 3
  Max Mhz: 1800, Current Mhz: 1500, Mhz Limit: 1584
Processor Information for processor 4
  Max Mhz: 1800, Current Mhz: 1600, Mhz Limit: 1584
Processor Information for processor 5
  Max Mhz: 1800, Current Mhz: 1500, Mhz Limit: 1584
Processor Information for processor 6
  Max Mhz: 1800, Current Mhz: 1500, Mhz Limit: 1584
Processor Information for processor 7
  Max Mhz: 1800, Current Mhz: 1600, Mhz Limit: 1584

Memory: 4k page, system-wide physical 7591M (565M free)
TotalPageFile size 15783M (AvailPageFile size 0M)
current process WorkingSet (physical memory assigned to process): 50M, peak: 114M
current process commit charge ("private bytes"): 176M, peak: 188M

vm_info: OpenJDK 64-Bit Server VM (21.0.7+6-LTS) for windows-amd64 JRE (21.0.7+6-LTS), built on 2025-04-15T00:00:00Z by "admin" with MS VC++ 17.7 (VS2022)

END.
